<?xml version="1.0" encoding="UTF-8"?>
<!-- Generated by org.testng.reporters.JUnitXMLReporter -->
<testsuite ignored="18" hostname="Hasankas-MacBook-Air.local" failures="0" tests="17" name="BGP Portal Tests" time="85.368" errors="0" timestamp="2024-09-14T03:05:17 SGT">
  <testcase classname="tests.LoginTest" name="testLogin" time="2.461"/>
  <testcase classname="tests.GrantApplicationTest" name="testGrantApplicationProcess" time="54.068"/>
  <testcase classname="tests.EligibilityTest" name="testAllEligibilityQuestionsPresent" time="0.047"/>
  <testcase classname="tests.EligibilityTest" name="testYesNoOptionsForEligibilityQuestions" time="2.586"/>
  <testcase classname="tests.EligibilityTest" name="testWarningMessageDisplayedOnNoSelection" time="1.175"/>
  <testcase classname="tests.EligibilityTest" name="testFaqLinkOpensNewTab" time="2.797"/>
  <testcase classname="tests.EligibilityTest" name="testSaveAndReloadEligibilityForm" time="1.966"/>
  <testcase classname="tests.ContactDetailsTest" name="testFillMainContactDetails" time="0.874"/>
  <testcase classname="tests.ContactDetailsTest" name="testUseSameAsRegisteredAddress" time="1.226"/>
  <testcase classname="tests.ContactDetailsTest" name="testFillLetterOfOffer" time="0.114"/>
  <testcase classname="tests.ContactDetailsTest" name="testUseSameAsMainContactPerson" time="2.34"/>
  <testcase classname="tests.ProjectDetailsTest" name="testFillMandatoryFieldsAndSave" time="2.038"/>
  <testcase classname="tests.BusinessImpactTest" name="testFillMandatoryFieldsAndSave" time="2.15"/>
  <testcase classname="tests.CostDetailTest" name="testFillMandatoryFieldsAndSave" time="2.719"/>
  <testcase classname="tests.DeclarationTest" name="testYesNoOptionsForDeclarationQuestions" time="3.076"/>
  <testcase classname="tests.DeclarationTest" name="testSubmitApplication" time="2.366"/>
  <testcase classname="tests.ViewTest" name="testApplicationSubmissionSuccess" time="0.553"/>
  <testcase classname="tests.EligibilityTest" name="testErrorWhenNoOptionsSelected" time="0.0">
    <ignored/>
  </testcase> <!-- testErrorWhenNoOptionsSelected -->
  <testcase classname="utils.BaseTest" name="@AfterSuite teardown" time="0.0">
    <ignored/>
  </testcase> <!-- @AfterSuite teardown -->
  <testcase classname="utils.BaseTest" name="@BeforeSuite setupReport" time="0.0">
    <ignored/>
  </testcase> <!-- @BeforeSuite setupReport -->
  <testcase classname="utils.BaseTest" name="@BeforeSuite setupReport" time="0.0">
    <ignored/>
  </testcase> <!-- @BeforeSuite setupReport -->
  <testcase classname="utils.BaseTest" name="@BeforeSuite setupReport" time="0.0">
    <ignored/>
  </testcase> <!-- @BeforeSuite setupReport -->
  <testcase classname="utils.BaseTest" name="@BeforeSuite setupReport" time="0.0">
    <ignored/>
  </testcase> <!-- @BeforeSuite setupReport -->
  <testcase classname="utils.BaseTest" name="@BeforeSuite setupReport" time="0.0">
    <ignored/>
  </testcase> <!-- @BeforeSuite setupReport -->
  <testcase classname="utils.BaseTest" name="@AfterSuite teardown" time="0.0">
    <ignored/>
  </testcase> <!-- @AfterSuite teardown -->
  <testcase classname="utils.BaseTest" name="@AfterSuite teardown" time="0.0">
    <ignored/>
  </testcase> <!-- @AfterSuite teardown -->
  <testcase classname="utils.BaseTest" name="@AfterSuite teardown" time="0.0">
    <ignored/>
  </testcase> <!-- @AfterSuite teardown -->
  <testcase classname="utils.BaseTest" name="@AfterSuite teardown" time="0.0">
    <ignored/>
  </testcase> <!-- @AfterSuite teardown -->
  <testcase classname="utils.BaseTest" name="@BeforeSuite setupReport" time="0.0">
    <ignored/>
  </testcase> <!-- @BeforeSuite setupReport -->
  <testcase classname="utils.BaseTest" name="@BeforeSuite setupReport" time="0.0">
    <ignored/>
  </testcase> <!-- @BeforeSuite setupReport -->
  <testcase classname="utils.BaseTest" name="@AfterSuite teardown" time="0.0">
    <ignored/>
  </testcase> <!-- @AfterSuite teardown -->
  <testcase classname="utils.BaseTest" name="@AfterSuite teardown" time="0.0">
    <ignored/>
  </testcase> <!-- @AfterSuite teardown -->
  <testcase classname="utils.BaseTest" name="@AfterSuite teardown" time="0.0">
    <ignored/>
  </testcase> <!-- @AfterSuite teardown -->
  <testcase classname="tests.EligibilityTest" name="testNoWarningMessageOnAllYes" time="0.0">
    <ignored/>
  </testcase> <!-- testNoWarningMessageOnAllYes -->
  <testcase classname="utils.BaseTest" name="@BeforeSuite setupReport" time="0.0">
    <ignored/>
  </testcase> <!-- @BeforeSuite setupReport -->
</testsuite> <!-- BGP Portal Tests -->
