<?xml version="1.0" encoding="UTF-8"?>
<testsuite xmlns:xsi="http://www.w3.org/2001/XMLSchema-instance" xsi:noNamespaceSchemaLocation="https://maven.apache.org/surefire/maven-surefire-plugin/xsd/surefire-test-report.xsd" version="3.0.2" name="TestSuite" time="86.086" tests="17" errors="0" skipped="0" failures="0">
  <properties>
[...]
</properties>
  <testcase name="testLogin" classname="tests.LoginTest" time="2.461">
    <system-err><![CDATA[SLF4J(W): No SLF4J providers were found.
SLF4J(W): Defaulting to no-operation (NOP) logger implementation
SLF4J(W): See https://www.slf4j.org/codes.html#noProviders for further details.
]]></system-err>
  </testcase>
  <testcase name="testGrantApplicationProcess" classname="tests.GrantApplicationTest" time="54.069"/>
  <testcase name="testAllEligibilityQuestionsPresent" classname="tests.EligibilityTest" time="0.047"/>
  <testcase name="testYesNoOptionsForEligibilityQuestions" classname="tests.EligibilityTest" time="2.587"/>
  <testcase name="testWarningMessageDisplayedOnNoSelection" classname="tests.EligibilityTest" time="1.175"/>
  <testcase name="testFaqLinkOpensNewTab" classname="tests.EligibilityTest" time="2.797"/>
  <testcase name="testSaveAndReloadEligibilityForm" classname="tests.EligibilityTest" time="1.965"/>
  <testcase name="testFillMainContactDetails" classname="tests.ContactDetailsTest" time="0.874"/>
  <testcase name="testUseSameAsRegisteredAddress" classname="tests.ContactDetailsTest" time="1.226"/>
  <testcase name="testFillLetterOfOffer" classname="tests.ContactDetailsTest" time="0.115"/>
  <testcase name="testUseSameAsMainContactPerson" classname="tests.ContactDetailsTest" time="2.341"/>
  <testcase name="testFillMandatoryFieldsAndSave" classname="tests.ProjectDetailsTest" time="2.039"/>
  <testcase name="testFillMandatoryFieldsAndSave" classname="tests.BusinessImpactTest" time="2.15"/>
  <testcase name="testFillMandatoryFieldsAndSave" classname="tests.CostDetailTest" time="2.719"/>
  <testcase name="testYesNoOptionsForDeclarationQuestions" classname="tests.DeclarationTest" time="3.075"/>
  <testcase name="testSubmitApplication" classname="tests.DeclarationTest" time="2.366"/>
  <testcase name="testApplicationSubmissionSuccess" classname="tests.ViewTest" time="0.552"/>
</testsuite>